Using pre-set license

 COMMAND LINE ARGUMENTS:
/Applications/Unity/Hub/Editor/2020.3.1f1/Unity.app/Contents/MacOS/Unity
-adb2
-batchMode
-noUpm
-name
AssetImportWorker0
-projectPath
/Applications/Unity/Projects/Legend of Celda
-logFile
Logs/AssetImportWorker0.log
-srvPort
49323
Successfully changed project path to: /Applications/Unity/Projects/Legend of Celda
/Applications/Unity/Projects/Legend of Celda
Using Asset Import Pipeline V2.
Refreshing native plugins compatible for Editor in 57.47 ms, found 2 plugins.
Preloading 0 native plugins for Editor in 0.00 ms.
Initialize engine version: 2020.3.1f1 (77a89f25062f)
[Subsystems] Discovering subsystems at path /Applications/Unity/Hub/Editor/2020.3.1f1/Unity.app/Contents/Resources/UnitySubsystems
[Subsystems] Discovering subsystems at path /Applications/Unity/Projects/Legend of Celda/Assets
GfxDevice: creating device client; threaded=0
2021-04-13 09:40:48.769 Unity[1246:23763] iMac preferred device: NVIDIA GeForce GT 750M (high power)
2021-04-13 09:40:48.769 Unity[1246:23763] Metal devices available: 1
2021-04-13 09:40:48.769 Unity[1246:23763] 0: NVIDIA GeForce GT 750M (high power)
2021-04-13 09:40:48.769 Unity[1246:23763] Using device NVIDIA GeForce GT 750M (high power)
Initializing Metal device caps: NVIDIA GeForce GT 750M
Initialize mono
Mono path[0] = '/Applications/Unity/Hub/Editor/2020.3.1f1/Unity.app/Contents/Managed'
Mono path[1] = '/Applications/Unity/Hub/Editor/2020.3.1f1/Unity.app/Contents/MonoBleedingEdge/lib/mono/unityjit'
Mono config path = '/Applications/Unity/Hub/Editor/2020.3.1f1/Unity.app/Contents/MonoBleedingEdge/etc'
Using monoOptions --debugger-agent=transport=dt_socket,embedding=1,server=y,suspend=n,address=127.0.0.1:56246
Begin MonoManager ReloadAssembly
Registering precompiled unity dll's ...
Register platform support module: /Applications/Unity/Hub/Editor/2020.3.1f1/Unity.app/Contents/PlaybackEngines/MacStandaloneSupport/UnityEditor.OSXStandalone.Extensions.dll
Registered in 0.000636 seconds.
Native extension for OSXStandalone target not found
Refreshing native plugins compatible for Editor in 54.29 ms, found 2 plugins.
Preloading 0 native plugins for Editor in 0.00 ms.
Invoked RoslynAnalysisRunner static constructor.
RoslynAnalysisRunner will not be running.
RoslynAnalysisRunner has terminated.
Mono: successfully reloaded assembly
- Completed reload, in  2.161 seconds
Platform modules already initialized, skipping
Registering precompiled user dll's ...
Registered in 0.000645 seconds.
Begin MonoManager ReloadAssembly
Native extension for OSXStandalone target not found
Refreshing native plugins compatible for Editor in 54.92 ms, found 2 plugins.
Preloading 0 native plugins for Editor in 0.00 ms.
Invoked RoslynAnalysisRunner static constructor.
RoslynAnalysisRunner will not be running.
RoslynAnalysisRunner has terminated.
Mono: successfully reloaded assembly
- Completed reload, in  1.249 seconds
Platform modules already initialized, skipping
========================================================================
Worker process is ready to serve import requests
Launching external process: /Applications/Unity/Hub/Editor/2020.3.1f1/Unity.app/Contents/Tools/UnityShaderCompiler
Launched and connected shader compiler UnityShaderCompiler after 0.01 seconds
Refreshing native plugins compatible for Editor in 0.58 ms, found 2 plugins.
Preloading 0 native plugins for Editor in 0.00 ms.
Unloading 1808 Unused Serialized files (Serialized files now loaded: 0)
System memory in use before: 144.4 MB.
System memory in use after: 144.4 MB.

Unloading 24 unused Assets to reduce memory usage. Loaded Objects now: 2250.
Total: 2.850897 ms (FindLiveObjects: 0.211375 ms CreateObjectMapping: 0.070728 ms MarkObjects: 2.376868 ms  DeleteObjects: 0.190588 ms)

========================================================================
Received Import Request.
  path: Assets/Scenes/Forest Scene.unity
  artifactKey: Guid(2c4daca7ecdfe4f989f3a06c5e0174ad) Importer(815301076,1909f56bfc062723c751e8b465ee728b)
Start importing Assets/Scenes/Forest Scene.unity using Guid(2c4daca7ecdfe4f989f3a06c5e0174ad) Importer(815301076,1909f56bfc062723c751e8b465ee728b)  -> (artifact id: '46396221f515feba70bd726500af0de3') in 0.013516 seconds
  Import took 0.017230 seconds .

========================================================================
Received Prepare
Registering precompiled user dll's ...
Registered in 0.000882 seconds.
Begin MonoManager ReloadAssembly
Native extension for OSXStandalone target not found
Refreshing native plugins compatible for Editor in 0.73 ms, found 2 plugins.
Preloading 0 native plugins for Editor in 0.00 ms.
Invoked RoslynAnalysisRunner static constructor.
RoslynAnalysisRunner will not be running.
RoslynAnalysisRunner has terminated.
Mono: successfully reloaded assembly
- Completed reload, in  1.200 seconds
Platform modules already initialized, skipping
Refreshing native plugins compatible for Editor in 0.53 ms, found 2 plugins.
Preloading 0 native plugins for Editor in 0.00 ms.
Unloading 1803 Unused Serialized files (Serialized files now loaded: 0)
System memory in use before: 144.5 MB.
System memory in use after: 144.5 MB.

Unloading 12 unused Assets to reduce memory usage. Loaded Objects now: 2254.
Total: 3.043336 ms (FindLiveObjects: 0.266709 ms CreateObjectMapping: 0.161046 ms MarkObjects: 2.502597 ms  DeleteObjects: 0.112016 ms)

========================================================================
Received Prepare
Registering precompiled user dll's ...
Registered in 0.000954 seconds.
Begin MonoManager ReloadAssembly
Native extension for OSXStandalone target not found
Refreshing native plugins compatible for Editor in 0.56 ms, found 2 plugins.
Preloading 0 native plugins for Editor in 0.00 ms.
Invoked RoslynAnalysisRunner static constructor.
RoslynAnalysisRunner will not be running.
RoslynAnalysisRunner has terminated.
Mono: successfully reloaded assembly
- Completed reload, in  1.176 seconds
Platform modules already initialized, skipping
Refreshing native plugins compatible for Editor in 0.56 ms, found 2 plugins.
Preloading 0 native plugins for Editor in 0.00 ms.
Unloading 1803 Unused Serialized files (Serialized files now loaded: 0)
System memory in use before: 144.8 MB.
System memory in use after: 144.8 MB.

Unloading 12 unused Assets to reduce memory usage. Loaded Objects now: 2258.
Total: 2.938325 ms (FindLiveObjects: 0.294829 ms CreateObjectMapping: 0.191379 ms MarkObjects: 2.326227 ms  DeleteObjects: 0.124825 ms)

========================================================================
Received Prepare
Registering precompiled user dll's ...
Registered in 0.000909 seconds.
Begin MonoManager ReloadAssembly
Native extension for OSXStandalone target not found
Refreshing native plugins compatible for Editor in 0.68 ms, found 2 plugins.
Preloading 0 native plugins for Editor in 0.00 ms.
Invoked RoslynAnalysisRunner static constructor.
RoslynAnalysisRunner will not be running.
RoslynAnalysisRunner has terminated.
Mono: successfully reloaded assembly
- Completed reload, in  1.147 seconds
Platform modules already initialized, skipping
Refreshing native plugins compatible for Editor in 0.63 ms, found 2 plugins.
Preloading 0 native plugins for Editor in 0.00 ms.
Unloading 1803 Unused Serialized files (Serialized files now loaded: 0)
System memory in use before: 145.0 MB.
System memory in use after: 145.0 MB.

Unloading 12 unused Assets to reduce memory usage. Loaded Objects now: 2262.
Total: 2.554433 ms (FindLiveObjects: 0.206267 ms CreateObjectMapping: 0.068860 ms MarkObjects: 2.155505 ms  DeleteObjects: 0.122710 ms)

========================================================================
Received Prepare
Registering precompiled user dll's ...
Registered in 0.000810 seconds.
Begin MonoManager ReloadAssembly
Native extension for OSXStandalone target not found
Refreshing native plugins compatible for Editor in 0.55 ms, found 2 plugins.
Preloading 0 native plugins for Editor in 0.00 ms.
Invoked RoslynAnalysisRunner static constructor.
RoslynAnalysisRunner will not be running.
RoslynAnalysisRunner has terminated.
Mono: successfully reloaded assembly
- Completed reload, in  1.117 seconds
Platform modules already initialized, skipping
Refreshing native plugins compatible for Editor in 0.63 ms, found 2 plugins.
Preloading 0 native plugins for Editor in 0.00 ms.
Unloading 1803 Unused Serialized files (Serialized files now loaded: 0)
System memory in use before: 145.2 MB.
System memory in use after: 145.2 MB.

Unloading 12 unused Assets to reduce memory usage. Loaded Objects now: 2266.
Total: 2.311221 ms (FindLiveObjects: 0.223253 ms CreateObjectMapping: 0.080730 ms MarkObjects: 1.890926 ms  DeleteObjects: 0.114539 ms)

========================================================================
Received Import Request.
  Time since last request: 4688.741157 seconds.
  path: Assets/Scenes/Village Scene.unity
  artifactKey: Guid(2cda990e2423bbf4892e6590ba056729) Importer(815301076,1909f56bfc062723c751e8b465ee728b)
Start importing Assets/Scenes/Village Scene.unity using Guid(2cda990e2423bbf4892e6590ba056729) Importer(815301076,1909f56bfc062723c751e8b465ee728b)  -> (artifact id: 'd6af7d94780ffbc2592a5fd19c502ce6') in 0.020647 seconds
  Import took 0.024283 seconds .

========================================================================
Received Import Request.
  Time since last request: 470.449536 seconds.
  path: Assets/Scenes/House Interior.unity
  artifactKey: Guid(87a5b5f054062425db3b4b7aa27443fc) Importer(815301076,1909f56bfc062723c751e8b465ee728b)
Start importing Assets/Scenes/House Interior.unity using Guid(87a5b5f054062425db3b4b7aa27443fc) Importer(815301076,1909f56bfc062723c751e8b465ee728b)  -> (artifact id: '33b6220d11dc501d62daa104195c2e03') in 0.001349 seconds
  Import took 0.004939 seconds .

========================================================================
Received Import Request.
  Time since last request: 8490.235270 seconds.
  path: ProjectSettings/TagManager.asset
  artifactKey: Guid(00000000000000003000000000000000) Importer(815301076,1909f56bfc062723c751e8b465ee728b)
Start importing ProjectSettings/TagManager.asset using Guid(00000000000000003000000000000000) Importer(815301076,1909f56bfc062723c751e8b465ee728b)  -> (artifact id: '13a17b82d2b51aea0b2c5c14e1d1976f') in 0.418631 seconds
  Import took 0.421922 seconds .

========================================================================
Received Import Request.
  Time since last request: 82.588688 seconds.
  path: Assets/Scenes/House Interior.unity
  artifactKey: Guid(87a5b5f054062425db3b4b7aa27443fc) Importer(815301076,1909f56bfc062723c751e8b465ee728b)
Start importing Assets/Scenes/House Interior.unity using Guid(87a5b5f054062425db3b4b7aa27443fc) Importer(815301076,1909f56bfc062723c751e8b465ee728b)  -> (artifact id: '07ecba166ecb09f089f8fa5dcf8bafae') in 0.009864 seconds
  Import took 0.013603 seconds .

========================================================================
Received Import Request.
  Time since last request: 43.426648 seconds.
  path: Assets/Scenes/Forest Scene.unity
  artifactKey: Guid(2c4daca7ecdfe4f989f3a06c5e0174ad) Importer(815301076,1909f56bfc062723c751e8b465ee728b)
Start importing Assets/Scenes/Forest Scene.unity using Guid(2c4daca7ecdfe4f989f3a06c5e0174ad) Importer(815301076,1909f56bfc062723c751e8b465ee728b)  -> (artifact id: 'cb9b08cbe7af8982e6f393f37033b2d9') in 0.010157 seconds
  Import took 0.014148 seconds .

========================================================================
Received Prepare
Registering precompiled user dll's ...
Registered in 0.000790 seconds.
Begin MonoManager ReloadAssembly
Native extension for OSXStandalone target not found
Refreshing native plugins compatible for Editor in 0.60 ms, found 2 plugins.
Preloading 0 native plugins for Editor in 0.00 ms.
Invoked RoslynAnalysisRunner static constructor.
RoslynAnalysisRunner will not be running.
RoslynAnalysisRunner has terminated.
Mono: successfully reloaded assembly
- Completed reload, in  1.108 seconds
Platform modules already initialized, skipping
Refreshing native plugins compatible for Editor in 0.57 ms, found 2 plugins.
Preloading 0 native plugins for Editor in 0.00 ms.
Unloading 1803 Unused Serialized files (Serialized files now loaded: 0)
System memory in use before: 149.8 MB.
System memory in use after: 149.8 MB.

Unloading 13 unused Assets to reduce memory usage. Loaded Objects now: 2270.
Total: 3.372025 ms (FindLiveObjects: 0.274421 ms CreateObjectMapping: 0.164015 ms MarkObjects: 2.802158 ms  DeleteObjects: 0.130104 ms)

========================================================================
Received Prepare
Registering precompiled user dll's ...
Registered in 0.000888 seconds.
Begin MonoManager ReloadAssembly
Native extension for OSXStandalone target not found
Refreshing native plugins compatible for Editor in 0.55 ms, found 2 plugins.
Preloading 0 native plugins for Editor in 0.00 ms.
Invoked RoslynAnalysisRunner static constructor.
RoslynAnalysisRunner will not be running.
RoslynAnalysisRunner has terminated.
Mono: successfully reloaded assembly
- Completed reload, in  1.124 seconds
Platform modules already initialized, skipping
Refreshing native plugins compatible for Editor in 0.59 ms, found 2 plugins.
Preloading 0 native plugins for Editor in 0.00 ms.
Unloading 1803 Unused Serialized files (Serialized files now loaded: 0)
System memory in use before: 150.0 MB.
System memory in use after: 150.0 MB.

Unloading 12 unused Assets to reduce memory usage. Loaded Objects now: 2274.
Total: 2.595028 ms (FindLiveObjects: 0.251721 ms CreateObjectMapping: 0.066790 ms MarkObjects: 2.154919 ms  DeleteObjects: 0.118844 ms)

========================================================================
Received Prepare
Registering precompiled user dll's ...
Registered in 0.000854 seconds.
Begin MonoManager ReloadAssembly
Native extension for OSXStandalone target not found
Refreshing native plugins compatible for Editor in 0.54 ms, found 2 plugins.
Preloading 0 native plugins for Editor in 0.00 ms.
Invoked RoslynAnalysisRunner static constructor.
RoslynAnalysisRunner will not be running.
RoslynAnalysisRunner has terminated.
Mono: successfully reloaded assembly
- Completed reload, in  1.092 seconds
Platform modules already initialized, skipping
Refreshing native plugins compatible for Editor in 0.56 ms, found 2 plugins.
Preloading 0 native plugins for Editor in 0.00 ms.
Unloading 1803 Unused Serialized files (Serialized files now loaded: 0)
System memory in use before: 150.2 MB.
System memory in use after: 150.2 MB.

Unloading 12 unused Assets to reduce memory usage. Loaded Objects now: 2278.
Total: 2.338342 ms (FindLiveObjects: 0.234930 ms CreateObjectMapping: 0.062300 ms MarkObjects: 1.899537 ms  DeleteObjects: 0.140280 ms)

========================================================================
Received Prepare
Registering precompiled user dll's ...
Registered in 0.000837 seconds.
Begin MonoManager ReloadAssembly
Native extension for OSXStandalone target not found
Refreshing native plugins compatible for Editor in 0.54 ms, found 2 plugins.
Preloading 0 native plugins for Editor in 0.00 ms.
Invoked RoslynAnalysisRunner static constructor.
RoslynAnalysisRunner will not be running.
RoslynAnalysisRunner has terminated.
Mono: successfully reloaded assembly
- Completed reload, in  1.227 seconds
Platform modules already initialized, skipping
Refreshing native plugins compatible for Editor in 0.51 ms, found 2 plugins.
Preloading 0 native plugins for Editor in 0.00 ms.
Unloading 1804 Unused Serialized files (Serialized files now loaded: 0)
System memory in use before: 150.5 MB.
System memory in use after: 150.5 MB.

Unloading 12 unused Assets to reduce memory usage. Loaded Objects now: 2283.
Total: 2.799324 ms (FindLiveObjects: 0.217482 ms CreateObjectMapping: 0.095565 ms MarkObjects: 2.356207 ms  DeleteObjects: 0.128120 ms)

========================================================================
Received Prepare
Registering precompiled user dll's ...
Registered in 0.000866 seconds.
Begin MonoManager ReloadAssembly
Native extension for OSXStandalone target not found
Refreshing native plugins compatible for Editor in 0.53 ms, found 2 plugins.
Preloading 0 native plugins for Editor in 0.00 ms.
Invoked RoslynAnalysisRunner static constructor.
RoslynAnalysisRunner will not be running.
RoslynAnalysisRunner has terminated.
Mono: successfully reloaded assembly
- Completed reload, in  1.027 seconds
Platform modules already initialized, skipping
Refreshing native plugins compatible for Editor in 0.54 ms, found 2 plugins.
Preloading 0 native plugins for Editor in 0.00 ms.
Unloading 1804 Unused Serialized files (Serialized files now loaded: 0)
System memory in use before: 150.6 MB.
System memory in use after: 150.6 MB.

Unloading 12 unused Assets to reduce memory usage. Loaded Objects now: 2287.
Total: 2.280151 ms (FindLiveObjects: 0.208365 ms CreateObjectMapping: 0.071928 ms MarkObjects: 1.889900 ms  DeleteObjects: 0.108782 ms)

========================================================================
Received Prepare
Registering precompiled user dll's ...
Registered in 0.000884 seconds.
Begin MonoManager ReloadAssembly
Native extension for OSXStandalone target not found
Refreshing native plugins compatible for Editor in 0.61 ms, found 2 plugins.
Preloading 0 native plugins for Editor in 0.00 ms.
Invoked RoslynAnalysisRunner static constructor.
RoslynAnalysisRunner will not be running.
RoslynAnalysisRunner has terminated.
Mono: successfully reloaded assembly
- Completed reload, in  1.150 seconds
Platform modules already initialized, skipping
Refreshing native plugins compatible for Editor in 0.66 ms, found 2 plugins.
Preloading 0 native plugins for Editor in 0.00 ms.
Unloading 1804 Unused Serialized files (Serialized files now loaded: 0)
System memory in use before: 150.8 MB.
System memory in use after: 150.8 MB.

Unloading 12 unused Assets to reduce memory usage. Loaded Objects now: 2291.
Total: 2.330190 ms (FindLiveObjects: 0.221168 ms CreateObjectMapping: 0.072730 ms MarkObjects: 1.921995 ms  DeleteObjects: 0.113073 ms)

========================================================================
Received Import Request.
  Time since last request: 4296.998984 seconds.
  path: Assets/Prefabs/Teleport Point.prefab
  artifactKey: Guid(49148f32f3fe64d6d8f5b40ba0d1b497) Importer(815301076,1909f56bfc062723c751e8b465ee728b)
Start importing Assets/Prefabs/Teleport Point.prefab using Guid(49148f32f3fe64d6d8f5b40ba0d1b497) Importer(815301076,1909f56bfc062723c751e8b465ee728b)  -> (artifact id: 'b479e6461b7cdca7c4199ac48661eb84') in 0.203413 seconds
  Import took 0.207654 seconds .

========================================================================
Received Import Request.
  Time since last request: 168.570420 seconds.
  path: Assets/Scenes/Forest Scene.unity
  artifactKey: Guid(2c4daca7ecdfe4f989f3a06c5e0174ad) Importer(815301076,1909f56bfc062723c751e8b465ee728b)
Start importing Assets/Scenes/Forest Scene.unity using Guid(2c4daca7ecdfe4f989f3a06c5e0174ad) Importer(815301076,1909f56bfc062723c751e8b465ee728b)  -> (artifact id: '0244680950e57fc106c70166564c6608') in 0.008766 seconds
  Import took 0.013235 seconds .

========================================================================
Received Import Request.
  Time since last request: 96.570666 seconds.
  path: Assets/Scenes/Village Scene.unity
  artifactKey: Guid(2cda990e2423bbf4892e6590ba056729) Importer(815301076,1909f56bfc062723c751e8b465ee728b)
Start importing Assets/Scenes/Village Scene.unity using Guid(2cda990e2423bbf4892e6590ba056729) Importer(815301076,1909f56bfc062723c751e8b465ee728b)  -> (artifact id: 'e9401b555f5a1d66bb9d361b6331ae17') in 0.008943 seconds
  Import took 0.012683 seconds .

========================================================================
Received Import Request.
  Time since last request: 55.143770 seconds.
  path: Assets/Scenes/Forest Scene.unity
  artifactKey: Guid(2c4daca7ecdfe4f989f3a06c5e0174ad) Importer(815301076,1909f56bfc062723c751e8b465ee728b)
Start importing Assets/Scenes/Forest Scene.unity using Guid(2c4daca7ecdfe4f989f3a06c5e0174ad) Importer(815301076,1909f56bfc062723c751e8b465ee728b)  -> (artifact id: 'accaffaedd2019b32149bfa5af333b43') in 0.010599 seconds
  Import took 0.014465 seconds .

========================================================================
Received Prepare
Registering precompiled user dll's ...
Registered in 0.000836 seconds.
Begin MonoManager ReloadAssembly
Native extension for OSXStandalone target not found
Refreshing native plugins compatible for Editor in 0.52 ms, found 2 plugins.
Preloading 0 native plugins for Editor in 0.00 ms.
Invoked RoslynAnalysisRunner static constructor.
RoslynAnalysisRunner will not be running.
RoslynAnalysisRunner has terminated.
Mono: successfully reloaded assembly
- Completed reload, in  1.124 seconds
Platform modules already initialized, skipping
Refreshing native plugins compatible for Editor in 0.52 ms, found 2 plugins.
Preloading 0 native plugins for Editor in 0.00 ms.
Unloading 1804 Unused Serialized files (Serialized files now loaded: 0)
System memory in use before: 155.3 MB.
System memory in use after: 155.3 MB.

Unloading 12 unused Assets to reduce memory usage. Loaded Objects now: 2295.
Total: 2.291505 ms (FindLiveObjects: 0.236725 ms CreateObjectMapping: 0.062380 ms MarkObjects: 1.878410 ms  DeleteObjects: 0.112774 ms)

========================================================================
Received Import Request.
  Time since last request: 311.141613 seconds.
  path: Assets/Scenes/House Interior.unity
  artifactKey: Guid(87a5b5f054062425db3b4b7aa27443fc) Importer(815301076,1909f56bfc062723c751e8b465ee728b)
Start importing Assets/Scenes/House Interior.unity using Guid(87a5b5f054062425db3b4b7aa27443fc) Importer(815301076,1909f56bfc062723c751e8b465ee728b)  -> (artifact id: '9e2be38b083e26c6f15a5b710f224b5e') in 0.021335 seconds
  Import took 0.025463 seconds .

========================================================================
Received Import Request.
  Time since last request: 13.854588 seconds.
  path: Assets/Prefabs/Player.prefab
  artifactKey: Guid(6dc65af342262454fbcc0712bcfafba1) Importer(815301076,1909f56bfc062723c751e8b465ee728b)
Start importing Assets/Prefabs/Player.prefab using Guid(6dc65af342262454fbcc0712bcfafba1) Importer(815301076,1909f56bfc062723c751e8b465ee728b)  -> (artifact id: 'c5b9514e3f226145b3048241323d57df') in 0.245221 seconds
  Import took 0.249265 seconds .

========================================================================
Received Import Request.
  Time since last request: 1884.834492 seconds.
  path: Assets/Scripts/DontDestroyOnLoad.cs
  artifactKey: Guid(5e7849cfac6be404ca6c7d59413dcf31) Importer(815301076,1909f56bfc062723c751e8b465ee728b)
Start importing Assets/Scripts/DontDestroyOnLoad.cs using Guid(5e7849cfac6be404ca6c7d59413dcf31) Importer(815301076,1909f56bfc062723c751e8b465ee728b)  -> (artifact id: '0c96bb57634cba453a963edd2498b5ff') in 0.430128 seconds
  Import took 0.434027 seconds .

========================================================================
Received Prepare
Registering precompiled user dll's ...
Registered in 0.000844 seconds.
Begin MonoManager ReloadAssembly
Native extension for OSXStandalone target not found
Refreshing native plugins compatible for Editor in 0.54 ms, found 2 plugins.
Preloading 0 native plugins for Editor in 0.00 ms.
Invoked RoslynAnalysisRunner static constructor.
RoslynAnalysisRunner will not be running.
RoslynAnalysisRunner has terminated.
Mono: successfully reloaded assembly
- Completed reload, in  1.247 seconds
Platform modules already initialized, skipping
Refreshing native plugins compatible for Editor in 0.53 ms, found 2 plugins.
Preloading 0 native plugins for Editor in 0.00 ms.
Unloading 1805 Unused Serialized files (Serialized files now loaded: 0)
System memory in use before: 163.1 MB.
System memory in use after: 163.1 MB.

Unloading 12 unused Assets to reduce memory usage. Loaded Objects now: 2307.
Total: 2.553304 ms (FindLiveObjects: 0.226876 ms CreateObjectMapping: 0.075680 ms MarkObjects: 2.133701 ms  DeleteObjects: 0.114807 ms)

========================================================================
Received Prepare
Registering precompiled user dll's ...
Registered in 0.000773 seconds.
Begin MonoManager ReloadAssembly
Native extension for OSXStandalone target not found
Refreshing native plugins compatible for Editor in 0.66 ms, found 2 plugins.
Preloading 0 native plugins for Editor in 0.00 ms.
Invoked RoslynAnalysisRunner static constructor.
RoslynAnalysisRunner will not be running.
RoslynAnalysisRunner has terminated.
Mono: successfully reloaded assembly
- Completed reload, in  1.101 seconds
Platform modules already initialized, skipping
Refreshing native plugins compatible for Editor in 0.51 ms, found 2 plugins.
Preloading 0 native plugins for Editor in 0.00 ms.
Unloading 1805 Unused Serialized files (Serialized files now loaded: 0)
System memory in use before: 163.3 MB.
System memory in use after: 163.3 MB.

Unloading 12 unused Assets to reduce memory usage. Loaded Objects now: 2311.
Total: 2.240419 ms (FindLiveObjects: 0.207800 ms CreateObjectMapping: 0.061938 ms MarkObjects: 1.854021 ms  DeleteObjects: 0.115335 ms)

========================================================================
Received Import Request.
  Time since last request: 507.854392 seconds.
  path: Assets/Prefabs/Main Camera.prefab
  artifactKey: Guid(7e94f50bce72d4fa0ba68c9fd4a75a55) Importer(815301076,1909f56bfc062723c751e8b465ee728b)
Start importing Assets/Prefabs/Main Camera.prefab using Guid(7e94f50bce72d4fa0ba68c9fd4a75a55) Importer(815301076,1909f56bfc062723c751e8b465ee728b)  -> (artifact id: '264bdf7fee9324f73131af538051137b') in 0.034205 seconds
  Import took 0.038847 seconds .

========================================================================
Received Import Request.
  Time since last request: 0.001258 seconds.
  path: Assets/Prefabs/Main Camera.prefab
  artifactKey: Guid(7e94f50bce72d4fa0ba68c9fd4a75a55) Importer(815301076,1909f56bfc062723c751e8b465ee728b)
Start importing Assets/Prefabs/Main Camera.prefab using Guid(7e94f50bce72d4fa0ba68c9fd4a75a55) Importer(815301076,1909f56bfc062723c751e8b465ee728b)  -> (artifact id: '264bdf7fee9324f73131af538051137b') in 0.004328 seconds
  Import took 0.007982 seconds .

========================================================================
Received Prepare
Registering precompiled user dll's ...
Registered in 0.000810 seconds.
Begin MonoManager ReloadAssembly
Native extension for OSXStandalone target not found
Refreshing native plugins compatible for Editor in 0.54 ms, found 2 plugins.
Preloading 0 native plugins for Editor in 0.00 ms.
Invoked RoslynAnalysisRunner static constructor.
RoslynAnalysisRunner will not be running.
RoslynAnalysisRunner has terminated.
Mono: successfully reloaded assembly
- Completed reload, in  1.086 seconds
Platform modules already initialized, skipping
Refreshing native plugins compatible for Editor in 0.54 ms, found 2 plugins.
Preloading 0 native plugins for Editor in 0.00 ms.
Unloading 1805 Unused Serialized files (Serialized files now loaded: 0)
System memory in use before: 163.5 MB.
System memory in use after: 163.5 MB.

Unloading 12 unused Assets to reduce memory usage. Loaded Objects now: 2315.
Total: 2.376933 ms (FindLiveObjects: 0.210283 ms CreateObjectMapping: 0.069745 ms MarkObjects: 1.941164 ms  DeleteObjects: 0.154242 ms)

========================================================================
Received Prepare
Registering precompiled user dll's ...
Registered in 0.000808 seconds.
Begin MonoManager ReloadAssembly
Native extension for OSXStandalone target not found
Refreshing native plugins compatible for Editor in 0.63 ms, found 2 plugins.
Preloading 0 native plugins for Editor in 0.00 ms.
Invoked RoslynAnalysisRunner static constructor.
RoslynAnalysisRunner will not be running.
RoslynAnalysisRunner has terminated.
Mono: successfully reloaded assembly
- Completed reload, in  1.271 seconds
Platform modules already initialized, skipping
Refreshing native plugins compatible for Editor in 0.63 ms, found 2 plugins.
Preloading 0 native plugins for Editor in 0.00 ms.
Unloading 1805 Unused Serialized files (Serialized files now loaded: 0)
System memory in use before: 163.7 MB.
System memory in use after: 163.7 MB.

Unloading 12 unused Assets to reduce memory usage. Loaded Objects now: 2319.
Total: 3.614564 ms (FindLiveObjects: 0.206477 ms CreateObjectMapping: 0.070333 ms MarkObjects: 3.191827 ms  DeleteObjects: 0.144616 ms)

========================================================================
Received Import Request.
  Time since last request: 158.114246 seconds.
  path: Assets/Scenes/Forest Scene.unity
  artifactKey: Guid(2c4daca7ecdfe4f989f3a06c5e0174ad) Importer(815301076,1909f56bfc062723c751e8b465ee728b)
Start importing Assets/Scenes/Forest Scene.unity using Guid(2c4daca7ecdfe4f989f3a06c5e0174ad) Importer(815301076,1909f56bfc062723c751e8b465ee728b)  -> (artifact id: 'f9f15ab72f6612f85eab625be46371c7') in 0.020708 seconds
  Import took 0.024828 seconds .

========================================================================
Received Import Request.
  Time since last request: 4835.594816 seconds.
  path: Assets/Scenes/House Interior.unity
  artifactKey: Guid(87a5b5f054062425db3b4b7aa27443fc) Importer(815301076,1909f56bfc062723c751e8b465ee728b)
Start importing Assets/Scenes/House Interior.unity using Guid(87a5b5f054062425db3b4b7aa27443fc) Importer(815301076,1909f56bfc062723c751e8b465ee728b)  -> (artifact id: 'e6489dc76a94b04e2b3c00f1a5619479') in 0.009335 seconds
  Import took 0.012924 seconds .

========================================================================
Received Import Request.
  Time since last request: 0.005876 seconds.
  path: Assets/Scenes/House Interior.unity
  artifactKey: Guid(87a5b5f054062425db3b4b7aa27443fc) Importer(815301076,1909f56bfc062723c751e8b465ee728b)
Start importing Assets/Scenes/House Interior.unity using Guid(87a5b5f054062425db3b4b7aa27443fc) Importer(815301076,1909f56bfc062723c751e8b465ee728b)  -> (artifact id: 'e6489dc76a94b04e2b3c00f1a5619479') in 0.001219 seconds
  Import took 0.005087 seconds .

========================================================================
Received Prepare
Registering precompiled user dll's ...
Registered in 0.000913 seconds.
Begin MonoManager ReloadAssembly
Native extension for OSXStandalone target not found
Refreshing native plugins compatible for Editor in 0.56 ms, found 2 plugins.
Preloading 0 native plugins for Editor in 0.00 ms.
Invoked RoslynAnalysisRunner static constructor.
RoslynAnalysisRunner will not be running.
RoslynAnalysisRunner has terminated.
Mono: successfully reloaded assembly
- Completed reload, in  1.090 seconds
Platform modules already initialized, skipping
Refreshing native plugins compatible for Editor in 0.56 ms, found 2 plugins.
Preloading 0 native plugins for Editor in 0.00 ms.
Unloading 1805 Unused Serialized files (Serialized files now loaded: 0)
System memory in use before: 163.9 MB.
System memory in use after: 163.9 MB.

Unloading 12 unused Assets to reduce memory usage. Loaded Objects now: 2323.
Total: 2.918258 ms (FindLiveObjects: 0.203065 ms CreateObjectMapping: 0.068289 ms MarkObjects: 2.512077 ms  DeleteObjects: 0.133416 ms)

========================================================================
Received Import Request.
  Time since last request: 90.958587 seconds.
  path: Assets/Scenes/Village Scene.unity
  artifactKey: Guid(2cda990e2423bbf4892e6590ba056729) Importer(815301076,1909f56bfc062723c751e8b465ee728b)
Start importing Assets/Scenes/Village Scene.unity using Guid(2cda990e2423bbf4892e6590ba056729) Importer(815301076,1909f56bfc062723c751e8b465ee728b)  -> (artifact id: '9ede2fec2b555f0d0d2fcd2b0b1ca768') in 0.023406 seconds
  Import took 0.027350 seconds .

========================================================================
Received Import Request.
  Time since last request: 44.928819 seconds.
  path: Assets/Scenes/Forest Scene.unity
  artifactKey: Guid(2c4daca7ecdfe4f989f3a06c5e0174ad) Importer(815301076,1909f56bfc062723c751e8b465ee728b)
Start importing Assets/Scenes/Forest Scene.unity using Guid(2c4daca7ecdfe4f989f3a06c5e0174ad) Importer(815301076,1909f56bfc062723c751e8b465ee728b)  -> (artifact id: 'dfa89f2adb0879cbe812cefa5929fcc8') in 0.002945 seconds
  Import took 0.007264 seconds .

========================================================================
Received Import Request.
  Time since last request: 5.500003 seconds.
  path: Assets/Scenes/House Interior.unity
  artifactKey: Guid(87a5b5f054062425db3b4b7aa27443fc) Importer(815301076,1909f56bfc062723c751e8b465ee728b)
Start importing Assets/Scenes/House Interior.unity using Guid(87a5b5f054062425db3b4b7aa27443fc) Importer(815301076,1909f56bfc062723c751e8b465ee728b)  -> (artifact id: '7ed4600435e4ee0682433c0172025182') in 0.009895 seconds
  Import took 0.014149 seconds .

========================================================================
Received Prepare
Registering precompiled user dll's ...
Registered in 0.000814 seconds.
Begin MonoManager ReloadAssembly
Native extension for OSXStandalone target not found
Refreshing native plugins compatible for Editor in 0.73 ms, found 2 plugins.
Preloading 0 native plugins for Editor in 0.00 ms.
Invoked RoslynAnalysisRunner static constructor.
RoslynAnalysisRunner will not be running.
RoslynAnalysisRunner has terminated.
Mono: successfully reloaded assembly
- Completed reload, in  1.116 seconds
Platform modules already initialized, skipping
Refreshing native plugins compatible for Editor in 0.60 ms, found 2 plugins.
Preloading 0 native plugins for Editor in 0.00 ms.
Unloading 1805 Unused Serialized files (Serialized files now loaded: 0)
System memory in use before: 164.1 MB.
System memory in use after: 164.1 MB.

Unloading 12 unused Assets to reduce memory usage. Loaded Objects now: 2327.
Total: 2.350732 ms (FindLiveObjects: 0.212767 ms CreateObjectMapping: 0.062314 ms MarkObjects: 1.921811 ms  DeleteObjects: 0.152233 ms)

========================================================================
Received Import Request.
  Time since last request: 31.357593 seconds.
  path: Assets/Scenes/House Interior.unity
  artifactKey: Guid(87a5b5f054062425db3b4b7aa27443fc) Importer(815301076,1909f56bfc062723c751e8b465ee728b)
Start importing Assets/Scenes/House Interior.unity using Guid(87a5b5f054062425db3b4b7aa27443fc) Importer(815301076,1909f56bfc062723c751e8b465ee728b)  -> (artifact id: '640f4a32b08241c6a61abec5512ae48e') in 0.022077 seconds
  Import took 0.026086 seconds .

========================================================================
Received Prepare
Registering precompiled user dll's ...
Registered in 0.000752 seconds.
Begin MonoManager ReloadAssembly
Native extension for OSXStandalone target not found
Refreshing native plugins compatible for Editor in 0.55 ms, found 2 plugins.
Preloading 0 native plugins for Editor in 0.00 ms.
Invoked RoslynAnalysisRunner static constructor.
RoslynAnalysisRunner will not be running.
RoslynAnalysisRunner has terminated.
Mono: successfully reloaded assembly
- Completed reload, in  1.047 seconds
Platform modules already initialized, skipping
Refreshing native plugins compatible for Editor in 0.55 ms, found 2 plugins.
Preloading 0 native plugins for Editor in 0.00 ms.
Unloading 1805 Unused Serialized files (Serialized files now loaded: 0)
System memory in use before: 164.3 MB.
System memory in use after: 164.3 MB.

Unloading 12 unused Assets to reduce memory usage. Loaded Objects now: 2331.
Total: 2.722717 ms (FindLiveObjects: 0.223375 ms CreateObjectMapping: 0.083839 ms MarkObjects: 2.287241 ms  DeleteObjects: 0.126811 ms)

========================================================================
Received Import Request.
  Time since last request: 68.121249 seconds.
  path: Assets/Scenes/Forest Scene.unity
  artifactKey: Guid(2c4daca7ecdfe4f989f3a06c5e0174ad) Importer(815301076,1909f56bfc062723c751e8b465ee728b)
Start importing Assets/Scenes/Forest Scene.unity using Guid(2c4daca7ecdfe4f989f3a06c5e0174ad) Importer(815301076,1909f56bfc062723c751e8b465ee728b)  -> (artifact id: '7b0ac1d5a4705933c4bfb75ef6cb9e41') in 0.022184 seconds
  Import took 0.026234 seconds .

========================================================================
Received Prepare
Registering precompiled user dll's ...
Registered in 0.001078 seconds.
Begin MonoManager ReloadAssembly
Native extension for OSXStandalone target not found
Refreshing native plugins compatible for Editor in 0.58 ms, found 2 plugins.
Preloading 0 native plugins for Editor in 0.00 ms.
Invoked RoslynAnalysisRunner static constructor.
RoslynAnalysisRunner will not be running.
RoslynAnalysisRunner has terminated.
Mono: successfully reloaded assembly
- Completed reload, in  1.184 seconds
Platform modules already initialized, skipping
Refreshing native plugins compatible for Editor in 0.67 ms, found 2 plugins.
Preloading 0 native plugins for Editor in 0.00 ms.
Unloading 1805 Unused Serialized files (Serialized files now loaded: 0)
System memory in use before: 164.5 MB.
System memory in use after: 164.5 MB.

Unloading 12 unused Assets to reduce memory usage. Loaded Objects now: 2335.
Total: 2.327281 ms (FindLiveObjects: 0.253146 ms CreateObjectMapping: 0.062824 ms MarkObjects: 1.897166 ms  DeleteObjects: 0.112855 ms)

========================================================================
Received Prepare
Registering precompiled user dll's ...
Registered in 0.000793 seconds.
Begin MonoManager ReloadAssembly
Native extension for OSXStandalone target not found
Refreshing native plugins compatible for Editor in 0.62 ms, found 2 plugins.
Preloading 0 native plugins for Editor in 0.00 ms.
Invoked RoslynAnalysisRunner static constructor.
RoslynAnalysisRunner will not be running.
RoslynAnalysisRunner has terminated.
Mono: successfully reloaded assembly
- Completed reload, in  1.075 seconds
Platform modules already initialized, skipping
Refreshing native plugins compatible for Editor in 0.57 ms, found 2 plugins.
Preloading 0 native plugins for Editor in 0.00 ms.
Unloading 1805 Unused Serialized files (Serialized files now loaded: 0)
System memory in use before: 164.7 MB.
System memory in use after: 164.7 MB.

Unloading 12 unused Assets to reduce memory usage. Loaded Objects now: 2339.
Total: 2.236005 ms (FindLiveObjects: 0.247862 ms CreateObjectMapping: 0.068024 ms MarkObjects: 1.780502 ms  DeleteObjects: 0.138067 ms)

========================================================================
Received Prepare
Registering precompiled user dll's ...
Registered in 0.000790 seconds.
Begin MonoManager ReloadAssembly
Native extension for OSXStandalone target not found
Refreshing native plugins compatible for Editor in 0.55 ms, found 2 plugins.
Preloading 0 native plugins for Editor in 0.00 ms.
Invoked RoslynAnalysisRunner static constructor.
RoslynAnalysisRunner will not be running.
RoslynAnalysisRunner has terminated.
Mono: successfully reloaded assembly
- Completed reload, in  1.079 seconds
Platform modules already initialized, skipping
Refreshing native plugins compatible for Editor in 0.53 ms, found 2 plugins.
Preloading 0 native plugins for Editor in 0.00 ms.
Unloading 1805 Unused Serialized files (Serialized files now loaded: 0)
System memory in use before: 164.9 MB.
System memory in use after: 164.9 MB.

Unloading 12 unused Assets to reduce memory usage. Loaded Objects now: 2343.
Total: 2.272630 ms (FindLiveObjects: 0.210437 ms CreateObjectMapping: 0.074160 ms MarkObjects: 1.844074 ms  DeleteObjects: 0.141979 ms)

========================================================================
Received Prepare
Registering precompiled user dll's ...
Registered in 0.000804 seconds.
Begin MonoManager ReloadAssembly
Native extension for OSXStandalone target not found
Refreshing native plugins compatible for Editor in 0.71 ms, found 2 plugins.
Preloading 0 native plugins for Editor in 0.00 ms.
Invoked RoslynAnalysisRunner static constructor.
RoslynAnalysisRunner will not be running.
RoslynAnalysisRunner has terminated.
Mono: successfully reloaded assembly
- Completed reload, in  1.195 seconds
Platform modules already initialized, skipping
Refreshing native plugins compatible for Editor in 0.57 ms, found 2 plugins.
Preloading 0 native plugins for Editor in 0.00 ms.
Unloading 1805 Unused Serialized files (Serialized files now loaded: 0)
System memory in use before: 165.1 MB.
System memory in use after: 165.1 MB.

Unloading 12 unused Assets to reduce memory usage. Loaded Objects now: 2347.
Total: 2.352784 ms (FindLiveObjects: 0.243019 ms CreateObjectMapping: 0.072439 ms MarkObjects: 1.911353 ms  DeleteObjects: 0.124579 ms)

========================================================================
Received Import Request.
  Time since last request: 467.733296 seconds.
  path: Assets/Prefabs/Player.prefab
  artifactKey: Guid(6dc65af342262454fbcc0712bcfafba1) Importer(815301076,1909f56bfc062723c751e8b465ee728b)
Start importing Assets/Prefabs/Player.prefab using Guid(6dc65af342262454fbcc0712bcfafba1) Importer(815301076,1909f56bfc062723c751e8b465ee728b)  -> (artifact id: '8ed7c2e136e01d9c814ad6a59b467ae5') in 0.118109 seconds
  Import took 0.122675 seconds .

========================================================================
Received Import Request.
  Time since last request: 136.449508 seconds.
  path: Assets/Scripts/CameraFollow.cs
  artifactKey: Guid(e2bfa597605e949bf94ae17b43ef1312) Importer(815301076,1909f56bfc062723c751e8b465ee728b)
Start importing Assets/Scripts/CameraFollow.cs using Guid(e2bfa597605e949bf94ae17b43ef1312) Importer(815301076,1909f56bfc062723c751e8b465ee728b)  -> (artifact id: 'bdcf9883fe53a19ebd44dbc03a71f087') in 0.010088 seconds
  Import took 0.013883 seconds .

========================================================================
Received Import Request.
  Time since last request: 7.626109 seconds.
  path: Assets/Scripts/CameraFollow.cs
  artifactKey: Guid(e2bfa597605e949bf94ae17b43ef1312) Importer(815301076,1909f56bfc062723c751e8b465ee728b)
Start importing Assets/Scripts/CameraFollow.cs using Guid(e2bfa597605e949bf94ae17b43ef1312) Importer(815301076,1909f56bfc062723c751e8b465ee728b)  -> (artifact id: 'f05de5fd644bf6d7ba2ca992f9137f98') in 0.010548 seconds
  Import took 0.015332 seconds .

========================================================================
Received Prepare
Registering precompiled user dll's ...
Registered in 0.000742 seconds.
Begin MonoManager ReloadAssembly
Native extension for OSXStandalone target not found
Refreshing native plugins compatible for Editor in 0.53 ms, found 2 plugins.
Preloading 0 native plugins for Editor in 0.00 ms.
Invoked RoslynAnalysisRunner static constructor.
RoslynAnalysisRunner will not be running.
RoslynAnalysisRunner has terminated.
Mono: successfully reloaded assembly
- Completed reload, in  1.074 seconds
Platform modules already initialized, skipping
Refreshing native plugins compatible for Editor in 0.52 ms, found 2 plugins.
Preloading 0 native plugins for Editor in 0.00 ms.
Unloading 1805 Unused Serialized files (Serialized files now loaded: 0)
System memory in use before: 165.3 MB.
System memory in use after: 165.3 MB.

Unloading 12 unused Assets to reduce memory usage. Loaded Objects now: 2352.
Total: 2.342164 ms (FindLiveObjects: 0.274552 ms CreateObjectMapping: 0.077540 ms MarkObjects: 1.853813 ms  DeleteObjects: 0.134311 ms)

========================================================================
Received Prepare
Registering precompiled user dll's ...
Registered in 0.000749 seconds.
Begin MonoManager ReloadAssembly
Native extension for OSXStandalone target not found
Refreshing native plugins compatible for Editor in 0.58 ms, found 2 plugins.
Preloading 0 native plugins for Editor in 0.00 ms.
Invoked RoslynAnalysisRunner static constructor.
RoslynAnalysisRunner will not be running.
RoslynAnalysisRunner has terminated.
Mono: successfully reloaded assembly
- Completed reload, in  1.072 seconds
Platform modules already initialized, skipping
Refreshing native plugins compatible for Editor in 0.53 ms, found 2 plugins.
Preloading 0 native plugins for Editor in 0.00 ms.
Unloading 1805 Unused Serialized files (Serialized files now loaded: 0)
System memory in use before: 165.5 MB.
System memory in use after: 165.5 MB.

Unloading 12 unused Assets to reduce memory usage. Loaded Objects now: 2356.
Total: 2.752138 ms (FindLiveObjects: 0.303614 ms CreateObjectMapping: 0.189799 ms MarkObjects: 2.148898 ms  DeleteObjects: 0.108650 ms)

========================================================================
Received Import Request.
  Time since last request: 51.951264 seconds.
  path: Assets/Scripts/CameraFollow.cs
  artifactKey: Guid(e2bfa597605e949bf94ae17b43ef1312) Importer(815301076,1909f56bfc062723c751e8b465ee728b)
Start importing Assets/Scripts/CameraFollow.cs using Guid(e2bfa597605e949bf94ae17b43ef1312) Importer(815301076,1909f56bfc062723c751e8b465ee728b)  -> (artifact id: '6d65d135877fbaa24e124f403ef6cdb6') in 0.012730 seconds
  Import took 0.016203 seconds .

========================================================================
Received Import Request.
  Time since last request: 79.797109 seconds.
  path: Assets/Scripts/DontDestroyOnLoad.cs
  artifactKey: Guid(5e7849cfac6be404ca6c7d59413dcf31) Importer(815301076,1909f56bfc062723c751e8b465ee728b)
Start importing Assets/Scripts/DontDestroyOnLoad.cs using Guid(5e7849cfac6be404ca6c7d59413dcf31) Importer(815301076,1909f56bfc062723c751e8b465ee728b)  -> (artifact id: '54b7f3566694ccdc09466c9bcbfcea2c') in 0.010032 seconds
  Import took 0.013918 seconds .

========================================================================
Received Import Request.
  Time since last request: 1.916854 seconds.
  path: Assets/Scripts/PlayerController.cs
  artifactKey: Guid(f614e7e8f82934dc7b7377e6e2f63335) Importer(815301076,1909f56bfc062723c751e8b465ee728b)
Start importing Assets/Scripts/PlayerController.cs using Guid(f614e7e8f82934dc7b7377e6e2f63335) Importer(815301076,1909f56bfc062723c751e8b465ee728b)  -> (artifact id: 'fa0c1df80698d91e5dae06c084fd9dc2') in 0.009349 seconds
  Import took 0.013116 seconds .

========================================================================
Received Prepare
Registering precompiled user dll's ...
Registered in 0.000786 seconds.
Begin MonoManager ReloadAssembly
Native extension for OSXStandalone target not found
Refreshing native plugins compatible for Editor in 0.57 ms, found 2 plugins.
Preloading 0 native plugins for Editor in 0.00 ms.
Invoked RoslynAnalysisRunner static constructor.
RoslynAnalysisRunner will not be running.
RoslynAnalysisRunner has terminated.
Mono: successfully reloaded assembly
- Completed reload, in  1.091 seconds
Platform modules already initialized, skipping
Refreshing native plugins compatible for Editor in 0.55 ms, found 2 plugins.
Preloading 0 native plugins for Editor in 0.00 ms.
Unloading 1805 Unused Serialized files (Serialized files now loaded: 0)
System memory in use before: 165.7 MB.
System memory in use after: 165.7 MB.

Unloading 12 unused Assets to reduce memory usage. Loaded Objects now: 2360.
Total: 2.323145 ms (FindLiveObjects: 0.213864 ms CreateObjectMapping: 0.083988 ms MarkObjects: 1.904039 ms  DeleteObjects: 0.119484 ms)

========================================================================
Received Prepare
Registering precompiled user dll's ...
Registered in 0.000870 seconds.
Begin MonoManager ReloadAssembly
Native extension for OSXStandalone target not found
Refreshing native plugins compatible for Editor in 0.61 ms, found 2 plugins.
Preloading 0 native plugins for Editor in 0.00 ms.
Invoked RoslynAnalysisRunner static constructor.
RoslynAnalysisRunner will not be running.
RoslynAnalysisRunner has terminated.
Mono: successfully reloaded assembly
- Completed reload, in  1.214 seconds
Platform modules already initialized, skipping
Refreshing native plugins compatible for Editor in 0.75 ms, found 2 plugins.
Preloading 0 native plugins for Editor in 0.00 ms.
Unloading 1805 Unused Serialized files (Serialized files now loaded: 0)
System memory in use before: 165.9 MB.
System memory in use after: 165.9 MB.

Unloading 12 unused Assets to reduce memory usage. Loaded Objects now: 2364.
Total: 2.694755 ms (FindLiveObjects: 0.289490 ms CreateObjectMapping: 0.062712 ms MarkObjects: 2.206803 ms  DeleteObjects: 0.134097 ms)

========================================================================
Received Import Request.
  Time since last request: 517.695703 seconds.
  path: Assets/New Material.mat
  artifactKey: Guid(b05b60010e71c4a6fb654f0cb8336316) Importer(815301076,1909f56bfc062723c751e8b465ee728b)
Start importing Assets/New Material.mat using Guid(b05b60010e71c4a6fb654f0cb8336316) Importer(815301076,1909f56bfc062723c751e8b465ee728b)  -> (artifact id: '442dd291e2c8c2593485c81b38389139') in 0.267254 seconds
  Import took 0.271551 seconds .

========================================================================
Received Import Request.
  Time since last request: 156.533893 seconds.
  path: Assets/Materials
  artifactKey: Guid(03465ebeb570342eeb3861bea51c4d00) Importer(815301076,1909f56bfc062723c751e8b465ee728b)
Start importing Assets/Materials using Guid(03465ebeb570342eeb3861bea51c4d00) Importer(815301076,1909f56bfc062723c751e8b465ee728b)  -> (artifact id: '2066f68172273ec18f8d101b7234b357') in 0.001841 seconds
  Import took 0.005677 seconds .

========================================================================
Received Prepare
Registering precompiled user dll's ...
Registered in 0.000938 seconds.
Begin MonoManager ReloadAssembly
Native extension for OSXStandalone target not found
Refreshing native plugins compatible for Editor in 0.57 ms, found 2 plugins.
Preloading 0 native plugins for Editor in 0.00 ms.
Invoked RoslynAnalysisRunner static constructor.
RoslynAnalysisRunner will not be running.
RoslynAnalysisRunner has terminated.
Mono: successfully reloaded assembly
- Completed reload, in  1.117 seconds
Platform modules already initialized, skipping
Refreshing native plugins compatible for Editor in 0.56 ms, found 2 plugins.
Preloading 0 native plugins for Editor in 0.00 ms.
Unloading 1805 Unused Serialized files (Serialized files now loaded: 0)
System memory in use before: 170.7 MB.
System memory in use after: 170.7 MB.

Unloading 12 unused Assets to reduce memory usage. Loaded Objects now: 2402.
Total: 2.477461 ms (FindLiveObjects: 0.241047 ms CreateObjectMapping: 0.090101 ms MarkObjects: 2.028937 ms  DeleteObjects: 0.115631 ms)

========================================================================
Received Import Request.
  Time since last request: 114.540578 seconds.
  path: Assets/Scenes/Village Scene.unity
  artifactKey: Guid(2cda990e2423bbf4892e6590ba056729) Importer(815301076,1909f56bfc062723c751e8b465ee728b)
Start importing Assets/Scenes/Village Scene.unity using Guid(2cda990e2423bbf4892e6590ba056729) Importer(815301076,1909f56bfc062723c751e8b465ee728b)  -> (artifact id: '54648eb638cafe677f99a7ec6320d083') in 0.021888 seconds
  Import took 0.026086 seconds .

========================================================================
Received Import Request.
  Time since last request: 45.551471 seconds.
  path: Assets/Materials/Pixel Snap.mat
  artifactKey: Guid(b05b60010e71c4a6fb654f0cb8336316) Importer(815301076,1909f56bfc062723c751e8b465ee728b)
Start importing Assets/Materials/Pixel Snap.mat using Guid(b05b60010e71c4a6fb654f0cb8336316) Importer(815301076,1909f56bfc062723c751e8b465ee728b)  -> (artifact id: '54fab3854078fb2a5a9a014bc5956a01') in 0.141567 seconds
  Import took 0.145387 seconds .

========================================================================
Received Prepare
Registering precompiled user dll's ...
Registered in 0.000789 seconds.
Begin MonoManager ReloadAssembly
Native extension for OSXStandalone target not found
Refreshing native plugins compatible for Editor in 0.57 ms, found 2 plugins.
Preloading 0 native plugins for Editor in 0.00 ms.
Invoked RoslynAnalysisRunner static constructor.
RoslynAnalysisRunner will not be running.
RoslynAnalysisRunner has terminated.
Mono: successfully reloaded assembly
- Completed reload, in  1.194 seconds
Platform modules already initialized, skipping
Refreshing native plugins compatible for Editor in 0.81 ms, found 2 plugins.
Preloading 0 native plugins for Editor in 0.00 ms.
Unloading 1805 Unused Serialized files (Serialized files now loaded: 0)
System memory in use before: 171.0 MB.
System memory in use after: 171.0 MB.

Unloading 12 unused Assets to reduce memory usage. Loaded Objects now: 2407.
Total: 2.387911 ms (FindLiveObjects: 0.228046 ms CreateObjectMapping: 0.082333 ms MarkObjects: 1.957501 ms  DeleteObjects: 0.118229 ms)

========================================================================
Received Import Request.
  Time since last request: 2440.430337 seconds.
  path: Assets/Prefabs/Teleport Point.prefab
  artifactKey: Guid(49148f32f3fe64d6d8f5b40ba0d1b497) Importer(815301076,1909f56bfc062723c751e8b465ee728b)
Start importing Assets/Prefabs/Teleport Point.prefab using Guid(49148f32f3fe64d6d8f5b40ba0d1b497) Importer(815301076,1909f56bfc062723c751e8b465ee728b)  -> (artifact id: 'a6a4ab60165b98e52e6587d0c903316a') in 0.037769 seconds
  Import took 0.041812 seconds .

========================================================================
Received Prepare
Registering precompiled user dll's ...
Registered in 0.000874 seconds.
Begin MonoManager ReloadAssembly
Native extension for OSXStandalone target not found
Refreshing native plugins compatible for Editor in 0.61 ms, found 2 plugins.
Preloading 0 native plugins for Editor in 0.00 ms.
Invoked RoslynAnalysisRunner static constructor.
RoslynAnalysisRunner will not be running.
RoslynAnalysisRunner has terminated.
Mono: successfully reloaded assembly
- Completed reload, in  1.181 seconds
Platform modules already initialized, skipping
Refreshing native plugins compatible for Editor in 0.70 ms, found 2 plugins.
Preloading 0 native plugins for Editor in 0.00 ms.
Unloading 1805 Unused Serialized files (Serialized files now loaded: 0)
System memory in use before: 171.1 MB.
System memory in use after: 171.1 MB.

Unloading 12 unused Assets to reduce memory usage. Loaded Objects now: 2411.
Total: 2.352343 ms (FindLiveObjects: 0.227171 ms CreateObjectMapping: 0.066258 ms MarkObjects: 1.935738 ms  DeleteObjects: 0.121315 ms)

========================================================================
Received Import Request.
  Time since last request: 680.686603 seconds.
  path: Assets/Scenes/House Interior.unity
  artifactKey: Guid(87a5b5f054062425db3b4b7aa27443fc) Importer(815301076,1909f56bfc062723c751e8b465ee728b)
Start importing Assets/Scenes/House Interior.unity using Guid(87a5b5f054062425db3b4b7aa27443fc) Importer(815301076,1909f56bfc062723c751e8b465ee728b)  -> (artifact id: '2ed659bff9dbd286b264ca8d5bf128de') in 0.022238 seconds
  Import took 0.025913 seconds .

========================================================================
Received Import Request.
  Time since last request: 430.517841 seconds.
  path: Assets/Scenes/Village Scene.unity
  artifactKey: Guid(2cda990e2423bbf4892e6590ba056729) Importer(815301076,1909f56bfc062723c751e8b465ee728b)
Start importing Assets/Scenes/Village Scene.unity using Guid(2cda990e2423bbf4892e6590ba056729) Importer(815301076,1909f56bfc062723c751e8b465ee728b)  -> (artifact id: '992378870d924363053cc9fa3576ec69') in 0.008486 seconds
  Import took 0.012693 seconds .

========================================================================
Received Import Request.
  Time since last request: 3.882732 seconds.
  path: Assets/Scenes/Forest Scene.unity
  artifactKey: Guid(2c4daca7ecdfe4f989f3a06c5e0174ad) Importer(815301076,1909f56bfc062723c751e8b465ee728b)
Start importing Assets/Scenes/Forest Scene.unity using Guid(2c4daca7ecdfe4f989f3a06c5e0174ad) Importer(815301076,1909f56bfc062723c751e8b465ee728b)  -> (artifact id: 'a4a8b87337df92e30b22c7c7be29f7ba') in 0.009046 seconds
  Import took 0.013432 seconds .

========================================================================
Received Prepare
Registering precompiled user dll's ...
Registered in 0.000708 seconds.
Begin MonoManager ReloadAssembly
Native extension for OSXStandalone target not found
Refreshing native plugins compatible for Editor in 0.58 ms, found 2 plugins.
Preloading 0 native plugins for Editor in 0.00 ms.
Invoked RoslynAnalysisRunner static constructor.
RoslynAnalysisRunner will not be running.
RoslynAnalysisRunner has terminated.
Mono: successfully reloaded assembly
- Completed reload, in  1.095 seconds
Platform modules already initialized, skipping
Refreshing native plugins compatible for Editor in 0.59 ms, found 2 plugins.
Preloading 0 native plugins for Editor in 0.00 ms.
Unloading 1805 Unused Serialized files (Serialized files now loaded: 0)
System memory in use before: 171.4 MB.
System memory in use after: 171.4 MB.

Unloading 12 unused Assets to reduce memory usage. Loaded Objects now: 2415.
Total: 2.525299 ms (FindLiveObjects: 0.264830 ms CreateObjectMapping: 0.121238 ms MarkObjects: 2.014476 ms  DeleteObjects: 0.122602 ms)

